android/app/build/intermediates/manifest_merge_blame_file/debug/manifest-merger-blame-debug-report.txt
1<?xml version="1.0" encoding="utf-8"?>
2<manifest xmlns:android="http://schemas.android.com/apk/res/android"
3    package="com.bukukas"
4    android:versionCode="1"
5    android:versionName="1.0" >
6
7    <uses-sdk
8        android:minSdkVersion="16"
9        android:targetSdkVersion="29" />
10
11    <uses-permission android:name="android.permission.SYSTEM_ALERT_WINDOW" />
11-->src/debug/AndroidManifest.xml:5:5-77
11-->src/debug/AndroidManifest.xml:5:22-75
12    <uses-permission android:name="android.permission.INTERNET" />
12-->src/main/AndroidManifest.xml:4:5-67
12-->src/main/AndroidManifest.xml:4:22-64
13    <uses-permission android:name="android.permission.ACCESS_NETWORK_STATE" />
13-->src/main/AndroidManifest.xml:5:5-79
13-->src/main/AndroidManifest.xml:5:22-76
14    <uses-permission android:name="android.permission.ACCESS_WIFI_STATE" /> <!-- Required by older versions of Google Play services to create GCM registration tokens -->
14-->[com.facebook.flipper:flipper:0.37.0] AndroidManifest.xml:16:5-76
14-->[com.facebook.flipper:flipper:0.37.0] AndroidManifest.xml:16:22-73
15    <uses-permission android:name="com.google.android.c2dm.permission.RECEIVE" />
15-->[com.google.android.gms:play-services-gcm:17.0.0] AndroidManifest.xml:23:5-82
15-->[com.google.android.gms:play-services-gcm:17.0.0] AndroidManifest.xml:23:22-79
16
17    <application
17-->src/main/AndroidManifest.xml:7:5-26:19
18        android:name="com.bukukas.MainApplication"
18-->src/main/AndroidManifest.xml:8:7-38
19        android:allowBackup="false"
19-->src/main/AndroidManifest.xml:12:7-34
20        android:appComponentFactory="androidx.core.app.CoreComponentFactory"
20-->[androidx.core:core:1.1.0] AndroidManifest.xml:24:18-86
21        android:debuggable="true"
22        android:icon="@mipmap/ic_launcher"
22-->src/main/AndroidManifest.xml:10:7-41
23        android:label="@string/app_name"
23-->src/main/AndroidManifest.xml:9:7-39
24        android:roundIcon="@mipmap/ic_launcher_round"
24-->src/main/AndroidManifest.xml:11:7-52
25        android:theme="@style/AppTheme"
25-->src/main/AndroidManifest.xml:13:7-38
26        android:usesCleartextTraffic="true" >
26-->src/debug/AndroidManifest.xml:7:18-53
27        <activity
27-->src/main/AndroidManifest.xml:14:7-24:18
28            android:name="com.bukukas.MainActivity"
28-->src/main/AndroidManifest.xml:15:9-37
29            android:configChanges="keyboard|keyboardHidden|orientation|screenSize|uiMode"
29-->src/main/AndroidManifest.xml:17:9-86
30            android:label="@string/app_name"
30-->src/main/AndroidManifest.xml:16:9-41
31            android:launchMode="singleTask"
31-->src/main/AndroidManifest.xml:18:9-40
32            android:windowSoftInputMode="adjustResize" >
32-->src/main/AndroidManifest.xml:19:9-51
33            <intent-filter>
33-->src/main/AndroidManifest.xml:20:9-23:25
34                <action android:name="android.intent.action.MAIN" />
34-->src/main/AndroidManifest.xml:21:13-65
34-->src/main/AndroidManifest.xml:21:21-62
35
36                <category android:name="android.intent.category.LAUNCHER" />
36-->src/main/AndroidManifest.xml:22:13-73
36-->src/main/AndroidManifest.xml:22:23-70
37            </intent-filter>
38        </activity>
39        <activity android:name="com.facebook.react.devsupport.DevSettingsActivity" />
39-->src/main/AndroidManifest.xml:25:7-84
39-->src/main/AndroidManifest.xml:25:17-81
40
41        <receiver
41-->[:react-native-device-info] AndroidManifest.xml:12:9-19:20
42            android:name="com.learnium.RNDeviceInfo.RNDeviceReceiver"
42-->[:react-native-device-info] AndroidManifest.xml:13:13-70
43            android:enabled="true"
43-->[:react-native-device-info] AndroidManifest.xml:14:13-35
44            android:exported="true" >
44-->[:react-native-device-info] AndroidManifest.xml:15:13-36
45            <intent-filter>
45-->[:react-native-device-info] AndroidManifest.xml:16:13-18:29
46                <action android:name="com.android.vending.INSTALL_REFERRER" />
46-->[:react-native-device-info] AndroidManifest.xml:17:17-79
46-->[:react-native-device-info] AndroidManifest.xml:17:25-76
47            </intent-filter>
48        </receiver>
49
50        <activity
50-->[com.google.android.gms:play-services-base:17.0.0] AndroidManifest.xml:23:9-26:75
51            android:name="com.google.android.gms.common.api.GoogleApiActivity"
51-->[com.google.android.gms:play-services-base:17.0.0] AndroidManifest.xml:24:13-79
52            android:exported="false"
52-->[com.google.android.gms:play-services-base:17.0.0] AndroidManifest.xml:25:13-37
53            android:theme="@android:style/Theme.Translucent.NoTitleBar" />
53-->[com.google.android.gms:play-services-base:17.0.0] AndroidManifest.xml:26:13-72
54
55        <meta-data
55-->[com.google.android.gms:play-services-basement:17.0.0] AndroidManifest.xml:23:9-25:69
56            android:name="com.google.android.gms.version"
56-->[com.google.android.gms:play-services-basement:17.0.0] AndroidManifest.xml:24:13-58
57            android:value="@integer/google_play_services_version" />
57-->[com.google.android.gms:play-services-basement:17.0.0] AndroidManifest.xml:25:13-66
58    </application>
59
60</manifest>